<?xml version="1.0" encoding="UTF-8"?>
<!-- Generated by org.testng.reporters.JUnitReportReporter -->
<testsuite hostname="DESKTOP-C8S3NG8" failures="0" tests="1" name="Practice.Practice" time="0.014" errors="0" timestamp="2023-04-19T00:02:08 IST" skipped="0">
  <testcase classname="Practice.Practice" name="pr1" time="0.014"/>
  <system-out/>
</testsuite> <!-- Practice.Practice -->
